  Cleaning myEditor and UnrealHeaderTool binaries...
  Using 'git status' to determine working set for adaptive non-unity build (C:\Users\USER\Documents\GitHub\UE4_basic).
  Creating makefile for myEditor (no existing makefile)
  Parsing headers for myEditor
    Running UnrealHeaderTool "C:\Users\USER\Documents\GitHub\UE4_basic\my\my.uproject" "C:\Users\USER\Documents\GitHub\UE4_basic\my\Intermediate\Build\Win64\myEditor\Development\myEditor.uhtmanifest" -LogCmds="loginit warning, logexit warning, logdatabase error" -Unattended -WarningsAsErrors -abslog="C:\Users\USER\AppData\Local\UnrealBuildTool\Log_UHT.txt" -installed
  LogInit: Display: Loading text-based GConfig....
  Reflection code generated for myEditor in 3.5076227 seconds
  Building myEditor...
  Using Visual Studio 2019 14.29.30133 toolchain (C:\Program Files (x86)\Microsoft Visual Studio\2019\Community\VC\Tools\MSVC\14.29.30133) and Windows 10.0.16299.0 SDK (C:\Program Files (x86)\Windows Kits\10).
  Building 19 actions with 8 processes...
    [1/19] Default.rc2
    [2/19] SharedPCH.Engine.ShadowErrors.cpp
    [3/19] my.cpp
    [4/19] MyStatComponent.cpp
C:\Users\USER\Documents\GitHub\UE4_basic\my\Source\my\MyStatComponent.cpp(39): error C2143: 구문 오류: ')'이(가) ';' 앞에 없습니다.
    [5/19] my.init.gen.cpp
    [6/19] MyAnimInstance.cpp
    [7/19] MyGameModeBase.cpp
    [8/19] MyWeapon.cpp
    [9/19] MyGameInstance.cpp
    [10/19] MyCharacter.cpp
    [11/19] MyAnimInstance.gen.cpp
    [12/19] MyWeapon.gen.cpp
    [13/19] MyCharacter.gen.cpp
    [14/19] MyGameModeBase.gen.cpp
    [15/19] MyStatComponent.gen.cpp
    [16/19] MyGameInstance.gen.cpp
C:\Program Files (x86)\Microsoft Visual Studio\2019\Community\MSBuild\Microsoft\VC\v160\Microsoft.MakeFile.Targets(51,5): error MSB3073: ""C:\Program Files\Epic Games\UE_4.27\Engine\Build\BatchFiles\Rebuild.bat" myEditor Win64 Development -Project="C:\Users\USER\Documents\GitHub\UE4_basic\my\my.uproject" -WaitMutex -FromMsBuild" 명령이 종료되었습니다(코드: -1).
